TN:
SF:/home/gabriel/Documents/tudo/windows/UNB/MP/gitmp1/Projeto-1-MP/projetoMP/FINAL/include/funcoes.cpp
FN:15,_Z13iniciarArvorev
FN:178,_Z12salvarArvoreP4tree
FN:205,_Z8menuJogov
FN:256,_Z11iniciarJogoP4tree
FNDA:1,_Z13iniciarArvorev
FNDA:67,_Z12salvarArvoreP4tree
FNDA:1,_Z8menuJogov
FNDA:1,_Z11iniciarJogoP4tree
FNF:4
FNH:4
DA:15,1
DA:17,1
DA:20,1
DA:21,1
DA:22,1
DA:23,1
DA:24,1
DA:25,1
DA:26,1
DA:27,1
DA:28,1
DA:29,1
DA:30,1
DA:31,1
DA:32,1
DA:33,1
DA:34,1
DA:35,1
DA:36,1
DA:37,1
DA:38,1
DA:39,1
DA:40,1
DA:41,1
DA:42,1
DA:43,1
DA:44,1
DA:45,1
DA:46,1
DA:47,1
DA:48,1
DA:49,1
DA:50,1
DA:51,1
DA:52,1
DA:53,1
DA:54,0
DA:57,65
DA:58,32
DA:61,1
DA:62,1
DA:63,1
DA:64,1
DA:65,1
DA:66,1
DA:67,1
DA:68,1
DA:69,1
DA:70,1
DA:71,1
DA:72,1
DA:73,1
DA:74,1
DA:75,1
DA:76,1
DA:77,1
DA:78,1
DA:79,1
DA:80,1
DA:81,1
DA:82,1
DA:83,1
DA:84,1
DA:85,1
DA:86,1
DA:87,1
DA:88,1
DA:89,1
DA:90,1
DA:91,1
DA:92,1
DA:93,1
DA:94,1
DA:96,1
DA:97,1
DA:98,1
DA:99,1
DA:100,1
DA:101,1
DA:102,1
DA:103,1
DA:104,1
DA:105,1
DA:106,1
DA:107,1
DA:108,1
DA:109,1
DA:110,1
DA:111,1
DA:112,1
DA:113,1
DA:114,1
DA:115,1
DA:116,1
DA:117,1
DA:118,1
DA:119,1
DA:120,1
DA:121,1
DA:122,1
DA:123,1
DA:124,1
DA:125,1
DA:126,1
DA:127,1
DA:130,1
DA:131,1
DA:132,1
DA:133,1
DA:134,1
DA:135,1
DA:136,1
DA:137,1
DA:138,1
DA:139,1
DA:140,1
DA:141,1
DA:142,1
DA:143,1
DA:144,1
DA:145,1
DA:146,1
DA:147,1
DA:148,1
DA:149,1
DA:150,1
DA:151,1
DA:152,1
DA:153,1
DA:154,1
DA:155,1
DA:156,1
DA:157,1
DA:158,1
DA:159,1
DA:160,1
DA:161,1
DA:162,1
DA:163,1
DA:171,1
DA:178,67
DA:182,67
DA:183,0
DA:190,67
DA:191,33
DA:192,33
DA:194,33
DA:198,67
DA:199,67
DA:205,1
DA:209,1
DA:210,1
DA:211,2
DA:212,3
DA:213,3
DA:214,3
DA:215,3
DA:216,3
DA:217,3
DA:218,3
DA:219,1
DA:221,1
DA:223,1
DA:225,1
DA:227,1
DA:228,0
DA:230,1
DA:231,1
DA:232,1
DA:234,1
DA:236,1
DA:237,1
DA:241,0
DA:243,0
DA:244,0
DA:247,3
DA:250,1
DA:256,1
DA:257,1
DA:258,1
DA:259,1
DA:266,1
DA:267,1
DA:268,1
DA:269,1
DA:270,0
DA:276,5
DA:277,6
DA:278,6
DA:279,6
DA:280,6
DA:281,6
DA:282,6
DA:285,5
DA:286,0
DA:288,0
DA:289,0
DA:290,0
DA:291,0
DA:292,0
DA:293,0
DA:294,0
DA:295,0
DA:296,0
DA:298,0
DA:299,0
DA:301,0
DA:302,0
DA:303,0
DA:304,0
DA:305,0
DA:306,0
DA:307,0
DA:308,0
DA:311,0
DA:313,0
DA:314,0
DA:316,0
DA:317,0
DA:320,0
DA:323,0
DA:324,0
DA:326,0
DA:327,0
DA:328,0
DA:333,5
DA:338,6
DA:339,1
DA:340,1
DA:341,1
DA:342,1
DA:343,1
DA:344,1
DA:345,1
DA:346,0
DA:347,0
DA:349,1
DA:350,1
DA:351,1
DA:352,1
DA:353,1
DA:355,1
DA:356,1
DA:358,1
DA:364,1
DA:366,1
DA:367,1
DA:369,1
DA:370,1
DA:373,1
DA:376,1
DA:377,1
DA:379,1
DA:380,1
DA:381,1
DA:385,0
DA:386,0
DA:388,0
DA:390,0
DA:391,0
DA:392,0
DA:393,0
DA:394,0
DA:396,0
DA:407,5
DA:412,0
LF:266
LH:216
end_of_record
TN:
SF:/home/gabriel/Documents/tudo/windows/UNB/MP/gitmp1/Projeto-1-MP/projetoMP/FINAL/include/main.cpp
FN:22,main
FNDA:1,main
FNF:1
FNH:1
DA:22,1
DA:24,1
DA:28,1
LF:3
LH:3
end_of_record
